irs16C          9.90 2014.216  -1.00867   0.58325   0.00037   0.00032 1 1 1 1 
irs16NW        10.10 2014.216  -0.10627   1.22231   0.00028   0.00027 1 1 1 1 
S0-6           14.30 2014.216   0.00154  -0.34605   0.00026   0.00033 1 1 1 1 
S0-7           15.40 2014.216  -0.53734   0.10157   0.00028   0.00032 1 1 1 1 
S0-11          15.40 2014.216  -0.47925  -0.07294   0.00024   0.00049 1 1 1 1 
S0-12          14.40 2014.216   0.54688   0.42887   0.00025   0.00026 1 1 1 1 
S0-13          13.50 2014.216  -0.56356  -0.39724   0.00025   0.00031 1 1 1 1 
S0-14          13.90 2014.216   0.74622  -0.29284   0.00026   0.00036 1 1 1 1 
S1-5           12.70 2014.216  -0.30268  -0.86975   0.00032   0.00025 1 1 1 1 
S1-1           13.20 2014.216  -1.06612   0.03874   0.00030   0.00033 1 1 1 1 
S1-8           14.40 2014.216   0.54465  -0.94155   0.00053   0.00067 1 1 1 1 
S1-10          15.00 2014.216   1.08019  -0.00803   0.00039   0.00047 1 1 1 1 
S1-33          15.20 2014.216   1.24548   0.01935   0.00047   0.00041 1 1 1 1 
S1-34          13.10 2014.216  -0.88673  -0.99828   0.00025   0.00026 1 1 1 1 
S1-14          13.00 2014.216   1.29399  -0.40779   0.00027   0.00023 1 1 1 1 
S1-15          14.10 2014.216   1.35411   0.47197   0.00055   0.00069 1 1 1 1 
S1-17          12.40 2014.216  -0.47737  -1.55251   0.00026   0.00027 1 1 1 1 
S1-20          12.50 2014.216  -0.46246   1.60236   0.00025   0.00026 1 1 1 1 
S1-53          15.30 2014.216  -1.66818  -0.08860   0.00054   0.00050 1 1 1 1 
S1-21          13.50 2014.216   1.62182   0.06965   0.00024   0.00043 1 1 1 1 
S1-22          12.80 2014.216   1.53363  -0.53683   0.00020   0.00033 1 1 1 1 
S1-23          11.80 2014.216   0.87765  -1.51437   0.00027   0.00028 1 1 1 1 
S1-24          11.50 2014.216  -0.74623  -1.68089   0.00021   0.00024 1 1 1 1 
S1-25          13.50 2014.216  -1.68873  -0.59731   0.00028   0.00027 1 1 1 1 
S1-64          15.40 2014.216  -0.66646   1.82421   0.00052   0.00080 1 1 1 1 
S1-68          13.40 2014.216  -1.80970  -0.67519   0.00030   0.00030 1 1 1 1 
S2-12          15.10 2014.216  -1.61627   1.12943   0.00034   0.00037 1 1 1 1 
S2-34          15.40 2014.216  -1.85400   1.02408   0.00049   0.00065 1 1 1 1 
S2-5           13.40 2014.216  -1.96195  -0.76473   0.00031   0.00026 1 1 1 1 
S2-11          11.90 2014.216  -1.96450  -0.60121   0.00028   0.00025 1 1 1 1 
S2-4           12.10 2014.216  -1.55191  -1.44724   0.00025   0.00020 1 1 1 1 
irs29S         11.40 2014.216   1.83720   0.96010   0.00027   0.00035 1 1 1 1 
S2-8           12.20 2014.216   1.94822   0.89521   0.00034   0.00040 1 1 1 1 
S2-3           14.40 2014.216   1.50062  -1.41564   0.00062   0.00071 1 1 1 1 
S2-2           14.10 2014.216   0.51107   2.10979   0.00029   0.00047 1 1 1 1 
irs29N         10.30 2014.216   1.53332   1.34659   0.00026   0.00029 1 1 1 1 
irs16SW-E      11.30 2014.216  -1.91985  -1.10146   0.00021   0.00010 1 1 1 1 
irs33N         11.40 2014.216   0.01285  -2.26725   0.00022   0.00035 1 1 1 1 
S2-47          14.40 2014.216  -2.19469  -0.50797   0.00038   0.00029 1 1 1 1 
S2-17          10.70 2014.216  -1.38168  -1.87962   0.00025   0.00020 1 1 1 1 
S2-16          12.20 2014.216   1.10607   2.05279   0.00024   0.00027 1 1 1 1 
S2-22          13.00 2014.216  -2.29262  -0.17960   0.00032   0.00029 1 1 1 1 
S2-18          13.30 2014.216   1.01004  -2.15708   0.00028   0.00034 1 1 1 1 
S2-21          13.50 2014.216   1.57882  -1.68962   0.00029   0.00028 1 1 1 1 
S2-55          15.30 2014.216  -0.91713  -2.19094   0.00020   0.00042 1 1 1 1 
S2-57          14.40 2014.216   1.11448  -2.07122   0.00038   0.00050 1 1 1 1 
S2-58          14.10 2014.216  -2.14120  -1.10018   0.00038   0.00030 1 1 1 1 
S2-24          13.80 2014.216   2.33744  -0.88686   0.00034   0.00030 1 1 1 1 
S2-25          13.90 2014.216  -0.77032  -2.41041   0.00030   0.00031 1 1 1 1 
S2-67          13.60 2014.216   2.45582  -0.91007   0.00028   0.00030 1 1 1 1 
S2-69          14.70 2014.216   0.88763   2.57667   0.00032   0.00032 1 1 1 1 
S2-75          14.50 2014.216  -2.63273  -0.83258   0.00020   0.00030 1 1 1 1 
S2-74          13.30 2014.216  -0.07941   2.78195   0.00026   0.00030 1 1 1 1 
S2-31          13.10 2014.216  -2.73277  -0.18727   0.00017   0.00029 1 1 1 1 
S2-78          13.80 2014.216   2.82454  -0.27959   0.00026   0.00059 1 1 1 1 
S2-277         14.90 2014.216   2.42805  -1.43362   0.00029   0.00049 1 1 1 1 
S2-81          15.40 2014.216  -1.97280  -2.02576   0.00031   0.00047 1 1 1 1 
S2-29          15.40 2014.216  -1.95361  -2.16942   0.00042   0.00028 1 1 1 1 
S2-85          12.30 2014.216   1.31298   2.65863   0.00024   0.00031 1 1 1 1 
S2-32          12.20 2014.216  -1.12355   2.78899   0.00032   0.00031 1 1 1 1 
S3-51          15.20 2014.216   0.14281   3.02996   0.00046   0.00032 1 1 1 1 
irs16NE         9.10 2014.216  -2.90800   0.91624   0.00030   0.00030 1 1 1 1 
S3-2           12.00 2014.216  -3.10363   0.55372   0.00019   0.00027 1 1 1 1 
S3-4           14.80 2014.216  -3.06095  -0.45526   0.00023   0.00034 1 1 1 1 
S3-3           15.20 2014.216  -3.10556  -0.62672   0.00050   0.00061 1 1 1 1 
S3-88          14.40 2014.216   0.84226  -2.98563   0.00054   0.00044 1 1 1 1 
S3-5           12.00 2014.216  -2.97087  -1.13121   0.00023   0.00017 1 1 1 1 
irs33E         10.30 2014.216  -0.73471  -3.14243   0.00024   0.00033 1 1 1 1 
S3-17          13.70 2014.216   1.37410   2.85883   0.00053   0.00058 1 1 1 1 
S3-20          14.60 2014.216  -1.58201  -2.78288   0.00017   0.00032 1 1 1 1 
S3-19          12.10 2014.216   1.51329  -2.80444   0.00035   0.00031 1 1 1 1 
S3-6           12.90 2014.216  -3.23870  -0.08186   0.00023   0.00032 1 1 1 1 
S3-22          11.30 2014.216   0.32511  -3.21654   0.00026   0.00034 1 1 1 1 
S3-7           13.70 2014.216  -1.91697  -2.61482   0.00027   0.00027 1 1 1 1 
S3-25          13.90 2014.216  -1.37763   2.95532   0.00033   0.00030 1 1 1 1 
S3-134         14.00 2014.216   1.38191  -3.00891   0.00033   0.00039 1 1 1 1 
S3-136         14.80 2014.216   3.04295  -1.41950   0.00043   0.00064 1 1 1 1 
S3-26          12.50 2014.216   2.54782  -2.06598   0.00031   0.00029 1 1 1 1 
S3-149         13.30 2014.216   2.89041   1.73506   0.00028   0.00038 1 1 1 1 
S3-153         15.70 2014.216  -1.58455   2.99076   0.00060   0.00055 1 1 1 1 
S3-28          13.90 2014.216   0.79899   3.20723   0.00026   0.00033 1 1 1 1 
S3-27          14.00 2014.216   0.33131   3.29728   0.00026   0.00043 1 1 1 1 
S3-155         15.30 2014.216   1.84084  -2.82286   0.00059   0.00084 1 1 1 1 
S3-156         13.20 2014.216  -0.41554  -3.37445   0.00026   0.00047 1 1 1 1 
irs13E1        10.80 2014.216   2.99278  -1.67031   0.00032   0.00032 1 1 1 1 
S3-29          13.70 2014.216  -1.44364  -3.06776   0.00038   0.00042 1 1 1 1 
S3-30          12.50 2014.216  -1.65675  -2.91930   0.00036   0.00024 1 1 1 1 
S3-32          15.30 2014.216  -2.83078  -1.76436   0.00070   0.00033 1 1 1 1 
S3-172         15.30 2014.216  -3.39597  -0.58667   0.00078   0.00088 1 1 1 1 
S3-187         14.60 2014.216   3.40640  -0.74815   0.00018   0.00039 1 1 1 1 
S3-190         14.30 2014.216   3.20150   1.39853   0.00033   0.00042 1 1 1 1 
S3-198         13.60 2014.216  -0.65085   3.44284   0.00031   0.00030 1 1 1 1 
S3-35          13.80 2014.216   1.22628   3.26294   0.00033   0.00052 1 1 1 1 
S3-10          12.20 2014.216  -3.33786  -1.08703   0.00019   0.00020 1 1 1 1 
S3-11          15.00 2014.216  -2.96292  -1.89309   0.00034   0.00037 1 1 1 1 
irs13E4        12.00 2014.216   3.26434  -1.40315   0.00077   0.00034 1 1 1 1 
S3-207         13.90 2014.216  -1.55965   3.22023   0.00040   0.00029 1 1 1 1 
S3-36          14.70 2014.216  -3.47668  -0.80433   0.00034   0.00044 1 1 1 1 
S3-216         15.10 2014.216   3.13440   1.68654   0.00045   0.00044 1 1 1 1 
S3-223         15.00 2014.216  -1.29309  -3.36583   0.00066   0.00068 1 1 1 1 
irs13E2        10.80 2014.216   3.23034  -1.72701   0.00033   0.00032 1 1 1 1 
S3-37          14.90 2014.216  -3.43066   1.36823   0.00040   0.00062 1 1 1 1 
S3-39          13.50 2014.216  -3.54722   1.07481   0.00034   0.00027 1 1 1 1 
S3-284         13.80 2014.216   2.56173   2.71054   0.00029   0.00035 1 1 1 1 
S3-286         15.30 2014.216  -3.39117  -1.50992   0.00025   0.00030 1 1 1 1 
S3-288         14.20 2014.216   2.78563   2.53483   0.00035   0.00041 1 1 1 1 
S3-291         12.30 2014.216   3.51410  -1.24519   0.00025   0.00034 1 1 1 1 
S3-314         15.40 2014.216  -3.84912  -0.07369   0.00042   0.00055 1 1 1 1 
S3-319         15.30 2014.216  -3.58013  -1.47757   0.00028   0.00065 1 1 1 1 
S3-331         13.60 2014.216   1.20108   3.67113   0.00030   0.00033 1 1 1 1 
S3-364         14.50 2014.216   0.99347   3.79387   0.00042   0.00034 1 1 1 1 
S3-13          13.40 2014.216  -3.84909   1.01604   0.00022   0.00028 1 1 1 1 
S3-370         13.70 2014.216   0.28174  -3.89600   0.00023   0.00029 1 1 1 1 
S3-374         12.60 2014.216   2.75610  -2.86995   0.00029   0.00027 1 1 1 1 
S3-383         15.40 2014.216  -3.91316  -0.54202   0.00047   0.00032 1 1 1 1 
S4-1           13.20 2014.216  -3.98164  -0.36030   0.00020   0.00020 1 1 1 1 
S4-24          13.90 2014.216   0.71210   4.00703   0.00038   0.00028 1 1 1 1 
S4-36          12.60 2014.216   3.71469   1.75803   0.00035   0.00040 1 1 1 1 
S4-2           12.50 2014.216  -3.77050   1.64315   0.00025   0.00028 1 1 1 1 
S4-46          14.60 2014.216  -3.83542  -1.46997   0.00024   0.00035 1 1 1 1 
S4-50          15.70 2014.216  -3.07842   2.76913   0.00042   0.00085 1 1 1 1 
S4-51          15.50 2014.216  -3.15610   2.64075   0.00027   0.00059 1 1 1 1 
S4-56          15.30 2014.216   0.98181   3.98234   0.00059   0.00072 1 1 1 1 
S4-59          13.80 2014.216   3.14601   2.64493   0.00045   0.00042 1 1 1 1 
S4-71          12.40 2014.216  -0.77103  -4.11097   0.00028   0.00028 1 1 1 1 
S4-82          15.60 2014.216  -2.64627   3.26990   0.00054   0.00028 1 1 1 1 
S4-3           12.90 2014.216  -4.23480   0.13123   0.00020   0.00030 1 1 1 1 
S4-98          15.00 2014.216   4.13232  -0.87798   0.00029   0.00038 1 1 1 1 
S4-103         15.30 2014.216  -4.20848  -0.37466   0.00035   0.00055 1 1 1 1 
S4-112         13.90 2014.216  -2.24285  -3.60022   0.00033   0.00034 1 1 1 1 
S4-6           12.80 2014.216  -3.29281  -2.76150   0.00025   0.00015 1 1 1 1 
S4-129         12.10 2014.216  -3.70849  -2.20829   0.00022   0.00015 1 1 1 1 
S4-4           12.00 2014.216  -3.61392  -2.46600   0.00023   0.00021 1 1 1 1 
S4-139         14.50 2014.216  -2.38460  -3.62263   0.00036   0.00059 1 1 1 1 
S4-140         15.50 2014.216  -3.15342   2.99180   0.00055   0.00055 1 1 1 1 
S4-143         13.50 2014.216  -2.90935  -3.23839   0.00030   0.00025 1 1 1 1 
irs34W         11.40 2014.216   4.07737   1.52869   0.00037   0.00030 1 1 1 1 
S4-158         14.20 2014.216   0.83779  -4.34966   0.00025   0.00046 1 1 1 1 
S4-161         13.60 2014.216  -4.42180  -0.24661   0.00019   0.00023 1 1 1 1 
S4-164         15.70 2014.216  -3.75438   2.31527   0.00048   0.00064 1 1 1 1 
S4-168         14.10 2014.216   1.90046   3.95605   0.00037   0.00035 1 1 1 1 
S4-169         13.50 2014.216  -4.40072   0.29296   0.00021   0.00027 1 1 1 1 
S4-170         14.30 2014.216   0.57902  -4.42289   0.00034   0.00053 1 1 1 1 
S4-172         15.20 2014.216  -3.05991  -3.16919   0.00037   0.00042 1 1 1 1 
irs3E          11.30 2014.216   2.30674   3.81585   0.00029   0.00025 1 1 1 1 
S4-176         15.20 2014.216  -4.26200   1.41049   0.00025   0.00069 1 1 1 1 
S4-180         13.20 2014.216   4.28794  -1.34118   0.00044   0.00033 1 1 1 1 
S4-197         14.20 2014.216   2.52035  -3.69217   0.00033   0.00033 1 1 1 1 
S4-207         11.40 2014.216   4.04810  -2.08144   0.00027   0.00030 1 1 1 1 
S4-221         14.30 2014.216  -2.71703  -3.78447   0.00027   0.00033 1 1 1 1 
S4-229         14.00 2014.216   4.18860   1.94281   0.00040   0.00033 1 1 1 1 
S4-258         12.80 2014.216   4.41970  -1.62524   0.00041   0.00035 1 1 1 1 
irs34NW        13.50 2014.216   3.80029   2.80757   0.00039   0.00034 1 1 1 1 
S4-287         13.80 2014.216  -0.14655  -4.76456   0.00032   0.00036 1 1 1 1 
S4-295         15.20 2014.216   3.07397   3.67183   0.00035   0.00061 1 1 1 1 
S4-314         15.30 2014.216  -4.40935  -2.02240   0.00025   0.00075 1 1 1 1 
S4-315         14.90 2014.216  -4.82277   0.83466   0.00021   0.00053 1 1 1 1 
S4-319         14.00 2014.216  -4.69354  -1.37408   0.00030   0.00041 1 1 1 1 
S4-342         13.80 2014.216  -3.06871   3.85006   0.00021   0.00028 1 1 1 1 
S4-344         12.80 2014.216   1.43895  -4.71544   0.00040   0.00037 1 1 1 1 
S4-352         14.60 2014.216   4.87444  -0.89286   0.00039   0.00049 1 1 1 1 
S5-12          14.90 2014.216   4.26876  -2.61075   0.00057   0.00037 1 1 1 1 
S5-31          14.80 2014.216   4.32598   2.65637   0.00051   0.00059 1 1 1 1 
S5-34          13.80 2014.216   4.34859  -2.75331   0.00043   0.00038 1 1 1 1 
S5-43          14.30 2014.216  -1.83531  -4.80314   0.00037   0.00031 1 1 1 1 
S5-47          13.30 2014.216  -2.87011   4.32339   0.00027   0.00023 1 1 1 1 
S5-69          10.10 2014.216   5.14850   0.83712   0.00048   0.00027 1 1 1 1 
S5-71          14.00 2014.216   1.74393  -4.94856   0.00029   0.00045 1 1 1 1 
S5-83          14.50 2014.216  -5.18822  -0.96863   0.00029   0.00016 1 1 1 1 
S5-89          11.00 2014.216   0.75468  -5.24460   0.00024   0.00029 1 1 1 1 
S5-92          13.60 2014.216  -4.27496   3.14968   0.00034   0.00039 1 1 1 1 
S5-94          15.20 2014.216  -4.92234   2.14685   0.00027   0.00079 1 1 1 1 
S5-95          13.50 2014.216   1.95640  -5.00715   0.00046   0.00051 1 1 1 1 
S5-99          14.70 2014.216  -4.63463  -2.74074   0.00030   0.00032 1 1 1 1 
S5-115         13.90 2014.216   5.14759  -1.53284   0.00048   0.00050 1 1 1 1 
S5-131         15.20 2014.216  -4.89755  -2.53327   0.00030   0.00059 1 1 1 1 
S5-134         13.50 2014.216   0.54057  -5.44270   0.00056   0.00048 1 1 1 1 
S5-141         15.20 2014.216  -4.32824  -3.39578   0.00026   0.00063 1 1 1 1 
S5-145         14.10 2014.216   0.59753  -5.54071   0.00049   0.00034 1 1 1 1 
S5-155         15.50 2014.216  -4.71193   3.00443   0.00056   0.00063 1 1 1 1 
S5-168         14.10 2014.216  -4.36185   3.61374   0.00031   0.00028 1 1 1 1 
S5-174         14.40 2014.216   4.18987  -3.93497   0.00060   0.00054 1 1 1 1 
S5-183         11.40 2014.216  -4.57323  -3.45238   0.00023   0.00019 1 1 1 1 
S5-231         12.20 2014.216  -5.81295   0.12983   0.00020   0.00020 1 1 1 1 
S5-185         13.80 2014.216  -2.98349  -4.91342   0.00035   0.00039 1 1 1 1 
S5-187         13.30 2014.216   1.71591  -5.56414   0.00030   0.00044 1 1 1 1 
S5-191         12.90 2014.216  -3.17540  -4.90182   0.00033   0.00030 1 1 1 1 
S5-196         15.50 2014.216   4.59494   3.56796   0.00067   0.00055 1 1 1 1 
S5-198         14.60 2014.216  -0.52650  -5.80454   0.00041   0.00040 1 1 1 1 
S5-199         14.20 2014.216   4.20278  -4.08580   0.00044   0.00050 1 1 1 1 
S5-202         14.10 2014.216   0.48812  -5.85595   0.00068   0.00040 1 1 1 1 
S5-205         14.10 2014.216   0.91913  -5.80138   0.00024   0.00035 1 1 1 1 
S5-211         13.10 2014.216  -4.45303  -3.88401   0.00024   0.00031 1 1 1 1 
S5-213         12.70 2014.216  -4.98380  -3.25403   0.00023   0.00022 1 1 1 1 
S6-3           13.70 2014.216   0.01999  -5.99786   0.00023   0.00078 1 1 1 1 
S6-12          11.30 2014.216   0.20683  -6.07255   0.00021   0.00030 1 1 1 1 
S6-24          14.30 2014.216  -5.10689   3.59896   0.00022   0.00039 1 1 1 1 
S6-25          13.70 2014.216  -0.70099  -6.19384   0.00039   0.00032 1 1 1 1 
S6-27          12.10 2014.216  -4.07258  -4.66362   0.00025   0.00016 1 1 1 1 
S6-35          12.50 2014.216   4.91422  -3.99154   0.00054   0.00042 1 1 1 1 
irs9W          12.20 2014.216  -2.91987  -5.57511   0.00030   0.00028 1 1 1 1 
S6-39          14.10 2014.216  -2.51787  -5.81633   0.00048   0.00047 1 1 1 1 
S6-49          14.30 2014.216   2.83210  -5.80226   0.00030   0.00048 1 1 1 1 
S6-51          15.50 2014.216  -4.97766   4.08048   0.00051   0.00035 1 1 1 1 
S6-58          13.20 2014.216  -3.22046  -5.62197   0.00030   0.00020 1 1 1 1 
S6-63          11.20 2014.216  -1.88995  -6.30063   0.00031   0.00025 1 1 1 1 
S6-64          14.50 2014.216   3.03535  -5.87963   0.00055   0.00059 1 1 1 1 
S6-71          14.80 2014.216  -5.23491   4.31955   0.00025   0.00040 1 1 1 1 
S6-76          13.40 2014.216  -5.17193  -4.52251   0.00018   0.00023 1 1 1 1 
S6-78          15.10 2014.216  -4.35390  -5.39308   0.00048   0.00052 1 1 1 1 
S6-81          11.10 2014.216  -6.34269   0.29208   0.00027   0.00030 1 1 1 1 
S6-82          13.50 2014.216  -6.72643  -0.44317   0.00030   0.00067 1 1 1 1 
S6-83          10.50 2014.216  -6.92551   0.88168   0.00026   0.00015 1 1 1 1 
S6-84          10.80 2014.216  -6.96806  -0.21738   0.00020   0.00012 1 1 1 1 
S6-85          12.20 2014.216  -6.24350  -1.41816   0.00024   0.00027 1 1 1 1 
S6-86          12.40 2014.216  -5.75577   2.16617   0.00025   0.00022 1 1 1 1 
S7-3           14.10 2014.216  -4.18207  -5.78615   0.00027   0.00047 1 1 1 1 
S7-8           10.30 2014.216  -7.07053   1.86148   0.00021   0.00020 1 1 1 1 
S7-5           12.00 2014.216  -4.86940  -5.50272   0.00023   0.00014 1 1 1 1 
S9-1           12.70 2014.216  -9.43469   0.25758   0.00021   0.00037 1 1 1 1 
S9-2           13.30 2014.216  -6.94307  -6.41918   0.00030   0.00026 1 1 1 1 
S10-169        15.40 2014.216  -8.90708   5.20431   0.00037   0.00027 1 1 1 1 
S10-1           9.80 2014.216 -10.53162   1.24479   0.00012   0.00012 1 1 1 1 
S11-1          11.70 2014.216 -11.32961  -0.46177   0.00013   0.00021 1 1 1 1 
S11-2          12.70 2014.216 -11.66237  -2.11923   0.00019   0.00029 1 1 1 1 
S11-3          11.60 2014.216 -11.46603  -0.57613   0.00014   0.00023 1 1 1 1 
S12-1          10.20 2014.216 -11.55740   3.75512   0.00012   0.00024 1 1 1 1 
S12-2          10.80 2014.216 -11.09170  -6.56690   0.00030   0.00024 1 1 1 1 
S12-3          10.80 2014.216 -12.07819  -0.98223   0.00013   0.00022 1 1 1 1 
S13-1          11.90 2014.216 -13.95316  -0.68981   0.00029   0.00028 1 1 1 1 
S15-1          11.90 2014.216 -15.24632  -0.43968   0.00041   0.00046 1 1 1 1 
irs7            7.40 2014.216  -0.03468   5.48839   0.00034   0.00033 1 1 1 1 
irs10EE        11.30 2014.216  -7.68429   4.18309   0.00012   0.00017 1 1 1 1 
irs9            9.10 2014.216  -5.69916  -6.31449   0.00012   0.00021 1 1 1 1 
irs12N          9.60 2014.216   3.27159  -6.93094   0.00006   0.00009 1 1 1 1 
irs28           9.40 2014.216 -10.49132  -5.86862   0.00010   0.00017 1 1 1 1 
irs10W         11.40 2014.216  -6.48300   5.19053   0.00063   0.00058 1 1 1 1 
irs15NE        11.00 2014.216  -1.19713  11.22924   0.00007   0.00008 1 1 1 1 
irs1SE         10.40 2014.216  -7.52612  -0.41781   0.00020   0.00016 1 1 1 1 
irs15SW        10.70 2014.216   0.62976  11.70414   0.00028   0.00051 1 1 1 1 
irs1NE         10.80 2014.216  -7.66783   1.54604   0.00024   0.00021 1 1 1 1 
irs14NE         9.80 2014.216  -0.93606  -8.15418   0.00029   0.00043 1 1 1 1 
irs2           10.60 2014.216   3.70756  -4.74177   0.00030   0.00025 1 1 1 1 
irs17           8.70 2014.216 -13.13418   5.55296   0.00010   0.00022 1 1 1 1 
irs14SW        10.20 2014.216   0.19301  -8.90077   0.00053   0.00083 1 1 1 1 
S9-3           10.50 2014.216   3.40143  -8.49535   0.00038   0.00042 1 1 1 1 
S11-4          10.60 2014.216   2.83198  11.26551   0.00037   0.00048 1 1 1 1 
S8-2           10.70 2014.216   2.28075   8.49063   0.00025   0.00044 1 1 1 1 
S9-4           10.60 2014.216  -8.62540   4.13177   0.00020   0.00024 1 1 1 1 
S10-3          10.60 2014.216   3.43276   9.62211   0.00021   0.00040 1 1 1 1 
S7-9           11.10 2014.216   5.66666   5.62003   0.00063   0.00036 1 1 1 1 
S8-4           11.20 2014.216   0.02242   8.57423   0.00029   0.00031 1 1 1 1 
S12-4          11.10 2014.216   4.34196  11.26100   0.00041   0.00057 1 1 1 1 
S9-5           11.20 2014.216  -0.56189   9.10754   0.00021   0.00035 1 1 1 1 
S10-4          11.30 2014.216  -0.06536  10.25434   0.00037   0.00036 1 1 1 1 
S7-10          11.50 2014.216   1.12982   7.61515   0.00027   0.00038 1 1 1 1 
S12-5          11.50 2014.216 -10.89170   6.67125   0.00018   0.00039 1 1 1 1 
S12-6          11.30 2014.216  -7.08004  10.01339   0.00022   0.00038 1 1 1 1 
S14-2          11.10 2014.216 -13.64706  -5.02505   0.00027   0.00037 1 1 1 1 
S8-5           11.20 2014.216   3.48329  -7.49225   0.00026   0.00034 1 1 1 1 
S9-6           11.60 2014.216  -0.76534  -9.32061   0.00044   0.00047 1 1 1 1 
S9-7           11.40 2014.216  -8.65820   3.79586   0.00020   0.00022 1 1 1 1 
S9-8           11.60 2014.216  -8.08754   4.32117   0.00018   0.00022 1 1 1 1 
S9-9           11.90 2014.216  -5.64546  -8.19901   0.00021   0.00028 1 1 1 1 
S15-2          11.60 2014.216 -15.42445   3.16909   0.00039   0.00023 1 1 1 1 
S6-87          11.70 2014.216  -4.32336   5.30909   0.00023   0.00029 1 1 1 1 
S4-364         11.90 2014.216  -2.26938   4.45465   0.00020   0.00028 1 1 1 1 
S13-2          11.90 2014.216 -11.87999   6.98828   0.00019   0.00029 1 1 1 1 
S13-3          11.70 2014.216 -11.90502   5.94373   0.00014   0.00038 1 1 1 1 
S10-5          11.90 2014.216   1.58139  10.02251   0.00036   0.00050 1 1 1 1 
S11-5          11.80 2014.216  -1.36530  11.70168   0.00026   0.00035 1 1 1 1 
S5-232         11.90 2014.216  -0.87442   5.83956   0.00035   0.00039 1 1 1 1 
S9-10          11.90 2014.216   0.54543   9.73135   0.00035   0.00055 1 1 1 1 
S7-11          11.90 2014.216   0.59124  -7.40691   0.00036   0.00032 1 1 1 1 
S6-89          12.00 2014.216  -5.45898   2.97459   0.00034   0.00044 1 1 1 1 
S15-3          11.90 2014.216 -15.28116   2.23358   0.00029   0.00021 1 1 1 1 
S8-6           12.00 2014.216  -3.70110   7.25524   0.00028   0.00047 1 1 1 1 
S8-7           12.10 2014.216   3.65891  -7.42338   0.00025   0.00033 1 1 1 1 
S12-7          11.90 2014.216  -5.85584  11.60450   0.00022   0.00037 1 1 1 1 
S8-8           11.90 2014.216  -5.25767  -7.06672   0.00031   0.00023 1 1 1 1 
S11-6          12.00 2014.216  -4.46979  11.04236   0.00020   0.00043 1 1 1 1 
S8-9           12.00 2014.216  -3.98516  -7.37044   0.00033   0.00019 1 1 1 1 
S6-90          12.40 2014.216   3.95062   4.89446   0.00032   0.00034 1 1 1 1 
S11-7          12.00 2014.216  -9.49219   6.42229   0.00032   0.00040 1 1 1 1 
S8-10          12.20 2014.216  -6.97223   5.18053   0.00023   0.00035 1 1 1 1 
S4-365         12.40 2014.216  -1.45041   4.72716   0.00024   0.00024 1 1 1 1 
S10-6          12.20 2014.216  -9.46325   4.95803   0.00019   0.00027 1 1 1 1 
S11-8          12.30 2014.216 -10.86991   3.23543   0.00018   0.00027 1 1 1 1 
S5-233         12.40 2014.216  -5.58664   0.69741   0.00025   0.00023 1 1 1 1 
S6-91          12.60 2014.216  -3.06446   6.29873   0.00071   0.00040 1 1 1 1 
S7-12          12.30 2014.216  -3.94423  -6.86474   0.00032   0.00018 1 1 1 1 
S15-5          12.70 2014.216 -12.67631   9.00054   0.00023   0.00037 1 1 1 1 
S13-4          12.30 2014.216 -13.17292   0.33585   0.00020   0.00029 1 1 1 1 
S10-7          12.50 2014.216  -9.70729   4.39411   0.00022   0.00054 1 1 1 1 
S8-12          12.60 2014.216  -7.97697   2.53667   0.00015   0.00033 1 1 1 1 
S11-9          12.60 2014.216  -2.35483  11.12092   0.00022   0.00041 1 1 1 1 
S7-14          12.60 2014.216  -1.01823   7.45022   0.00030   0.00034 1 1 1 1 
S7-15          12.60 2014.216   0.17983  -7.25502   0.00030   0.00042 1 1 1 1 
S7-16          12.60 2014.216  -1.63508  -7.21703   0.00025   0.00026 1 1 1 1 
S8-13          12.40 2014.216  -2.48672  -7.69248   0.00039   0.00031 1 1 1 1 
S6-92          12.50 2014.216   5.81270  -3.14275   0.00057   0.00055 1 1 1 1 
S8-14          12.60 2014.216  -3.79340   7.16893   0.00027   0.00045 1 1 1 1 
S14-4          12.40 2014.216 -14.58954   1.47156   0.00023   0.00030 1 1 1 1 
S6-93          12.70 2014.216  -4.48017   4.95634   0.00023   0.00027 1 1 1 1 
S4-366         12.80 2014.216   0.86490   4.75758   0.00027   0.00037 1 1 1 1 
S11-10         12.50 2014.216  -8.15265   8.16299   0.00025   0.00030 1 1 1 1 
S5-234         12.60 2014.216  -5.70050   0.54432   0.00023   0.00028 1 1 1 1 
S7-17          12.90 2014.216   5.92781  -3.76322   0.00050   0.00038 1 1 1 1 
S9-11          12.60 2014.216  -9.45083   1.02624   0.00021   0.00023 1 1 1 1 
S12-9          12.70 2014.216  -3.66577  11.53864   0.00030   0.00049 1 1 1 1 
S9-12          13.00 2014.216   1.56617   9.74036   0.00035   0.00046 1 1 1 1 
S9-13          13.20 2014.216   3.00322   8.83382   0.00028   0.00049 1 1 1 1 
S6-94          13.10 2014.216   3.00116   5.43860   0.00023   0.00039 1 1 1 1 
S10-8          12.80 2014.216  -7.65235  -7.49224   0.00035   0.00023 1 1 1 1 
S8-15          13.20 2014.216   1.61990   8.01808   0.00029   0.00042 1 1 1 1 
S9-14          12.90 2014.216  -8.00703  -5.47399   0.00030   0.00026 1 1 1 1 
S7-18          13.10 2014.216   5.52115  -5.52570   0.00049   0.00051 1 1 1 1 
S13-5          13.00 2014.216  -8.92339  10.64412   0.00020   0.00046 1 1 1 1 
S10-9          12.90 2014.216  -5.02968   9.55687   0.00022   0.00052 1 1 1 1 
S11-12         13.10 2014.216  -0.01589  11.67099   0.00028   0.00047 1 1 1 1 
S9-15          12.90 2014.216  -9.04215   0.43938   0.00026   0.00028 1 1 1 1 
S11-13         12.90 2014.216  -7.39768  -8.86367   0.00028   0.00037 1 1 1 1 
S11-14         13.10 2014.216  -6.12440   9.17827   0.00028   0.00037 1 1 1 1 
S13-6          12.90 2014.216 -12.42070  -4.34133   0.00027   0.00024 1 1 1 1 
S13-7          12.70 2014.216 -12.70805  -4.42065   0.00034   0.00027 1 1 1 1 
S7-19          13.30 2014.216   3.75816   6.52085   0.00028   0.00040 1 1 1 1 
S11-16         13.10 2014.216  -3.72333  10.73639   0.00033   0.00042 1 1 1 1 
S12-10         12.90 2014.216  -8.94736  -8.52353   0.00029   0.00028 1 1 1 1 
S6-95          13.40 2014.216   2.38479   5.99860   0.00027   0.00045 1 1 1 1 
S5-235         13.10 2014.216  -2.77716   4.52057   0.00023   0.00024 1 1 1 1 
S12-11         13.10 2014.216 -10.92368   5.96974   0.00020   0.00030 1 1 1 1 
S11-17         13.10 2014.216 -10.48564   5.73120   0.00017   0.00034 1 1 1 1 
S12-12         13.30 2014.216  -1.05497  12.23535   0.00030   0.00022 1 1 1 1 
S12-13         13.00 2014.216  -8.78765  -8.37624   0.00027   0.00021 1 1 1 1 
S15-6          13.00 2014.216 -15.08158   1.06221   0.00044   0.00032 1 1 1 1 
S6-96          13.20 2014.216   6.05193  -1.89469   0.00070   0.00079 1 1 1 1 
S9-17          13.10 2014.216  -5.99507   6.95505   0.00027   0.00029 1 1 1 1 
S8-16          13.20 2014.216  -3.55761   8.19837   0.00036   0.00051 1 1 1 1 
S12-14         13.00 2014.216  -9.32417   8.55443   0.00024   0.00030 1 1 1 1 
S7-20          13.30 2014.216   3.66756   6.96332   0.00029   0.00045 1 1 1 1 
S11-18         13.30 2014.216  -0.10237  11.29139   0.00028   0.00042 1 1 1 1 
S11-19         13.20 2014.216 -10.56125   4.91502   0.00016   0.00024 1 1 1 1 
S10-10         13.10 2014.216  -6.72307   7.99622   0.00021   0.00029 1 1 1 1 
S15-7          13.40 2014.216 -12.95577   9.30522   0.00022   0.00050 1 1 1 1 
S9-19          13.20 2014.216  -8.40115   4.72369   0.00018   0.00020 1 1 1 1 
S10-11         13.30 2014.216   4.03835  10.01706   0.00033   0.00049 1 1 1 1 
S5-236         13.50 2014.216   5.51803  -1.28137   0.00053   0.00062 1 1 1 1 
S10-12         13.30 2014.216  -1.39922  10.31566   0.00024   0.00040 1 1 1 1 
S5-237         13.10 2014.216  -5.49021   1.03471   0.00032   0.00032 1 1 1 1 
S9-20          13.00 2014.216  -4.32066  -8.03009   0.00048   0.00029 1 1 1 1 
S4-367         13.20 2014.216  -1.31298   4.55383   0.00023   0.00031 1 1 1 1 
S9-21          13.40 2014.216   6.21235   6.66316   0.00046   0.00049 1 1 1 1 
S8-17          13.30 2014.216  -1.46234   8.51045   0.00025   0.00049 1 1 1 1 
S11-20         13.50 2014.216  -1.31152  11.54023   0.00036   0.00054 1 1 1 1 
S10-13         13.20 2014.216  -5.34105  -9.38836   0.00043   0.00038 1 1 1 1 
S10-14         13.40 2014.216  -5.54636   8.57036   0.00034   0.00040 1 1 1 1 
S12-15         13.60 2014.216  -9.19860   8.08351   0.00022   0.00034 1 1 1 1 
S9-22          13.40 2014.216  -9.03174   4.26779   0.00024   0.00026 1 1 1 1 
S10-15         13.30 2014.216  -9.72296   3.03516   0.00021   0.00028 1 1 1 1 
S7-21          13.40 2014.216  -4.14217  -6.64445   0.00047   0.00049 1 1 1 1 
S11-21         13.50 2014.216  -2.55371  10.92529   0.00026   0.00042 1 1 1 1 
S12-16         13.30 2014.216 -12.80358   0.68641   0.00036   0.00032 1 1 1 1 
S6-97          13.50 2014.216  -0.92771  -6.54498   0.00030   0.00032 1 1 1 1 
S9-23          13.50 2014.216   1.29234   9.12703   0.00047   0.00068 1 1 1 1 
S8-18          13.50 2014.216   3.87309   8.09248   0.00030   0.00050 1 1 1 1 
S13-8          13.50 2014.216  -7.10619  10.93316   0.00024   0.00034 1 1 1 1 
S10-16         13.30 2014.216 -10.68395   2.01531   0.00013   0.00024 1 1 1 1 
S9-24          13.40 2014.216  -8.22495   4.12110   0.00024   0.00029 1 1 1 1 
S14-5          13.50 2014.216 -12.87393   6.26391   0.00021   0.00030 1 1 1 1 
S10-17         13.60 2014.216  -3.43571  10.31234   0.00024   0.00051 1 1 1 1 
S14-6          13.40 2014.216 -11.60618  -8.97051   0.00027   0.00040 1 1 1 1 
S15-8          13.20 2014.216 -14.43794  -4.78338   0.00038   0.00029 1 1 1 1 
S13-9          13.40 2014.216 -13.42809  -3.00228   0.00017   0.00030 1 1 1 1 
S13-10         13.70 2014.216 -10.57786   8.04211   0.00028   0.00033 1 1 1 1 
S7-23          13.50 2014.216  -6.47624  -4.39074   0.00030   0.00021 1 1 1 1 
S14-7          13.50 2014.216 -14.09226   4.71479   0.00018   0.00029 1 1 1 1 
S10-18         13.40 2014.216  -9.28951  -3.76766   0.00025   0.00026 1 1 1 1 
S11-23         13.50 2014.216  -5.05815  10.33256   0.00021   0.00048 1 1 1 1 
S7-24          13.40 2014.216  -6.26547  -3.94475   0.00028   0.00044 1 1 1 1 
S10-19         13.40 2014.216  -3.54505   9.63106   0.00035   0.00043 1 1 1 1 
S7-25          13.60 2014.216  -2.67405   7.02388   0.00030   0.00039 1 1 1 1 
S6-98          13.60 2014.216  -5.12327   4.62310   0.00022   0.00025 1 1 1 1 
S6-99          13.60 2014.216  -0.28225   6.27835   0.00055   0.00045 1 1 1 1 
S14-8          13.50 2014.216 -11.91135  -7.83755   0.00039   0.00028 1 1 1 1 
S7-26          13.50 2014.216  -1.21874   6.92024   0.00033   0.00035 1 1 1 1 
S10-20         13.40 2014.216 -10.34880  -0.29031   0.00017   0.00026 1 1 1 1 
S7-27          13.70 2014.216  -3.27362  -6.35658   0.00040   0.00036 1 1 1 1 
S8-19          13.60 2014.216  -1.85516  -8.68204   0.00034   0.00052 1 1 1 1 
S9-26          13.40 2014.216  -8.80285  -2.50420   0.00029   0.00020 1 1 1 1 
S10-21         13.40 2014.216  -8.85724  -5.07633   0.00027   0.00020 1 1 1 1 
S10-22         13.40 2014.216  -7.23835  -8.15041   0.00026   0.00048 1 1 1 1 
S11-24         13.60 2014.216  -7.13767  -9.52810   0.00045   0.00045 1 1 1 1 
S13-11         13.50 2014.216  -7.86352  10.81210   0.00028   0.00038 1 1 1 1 
S9-27          13.40 2014.216  -7.01293   6.79310   0.00029   0.00036 1 1 1 1 
S7-28          13.70 2014.216  -7.35653   2.83876   0.00022   0.00025 1 1 1 1 
S8-20          13.80 2014.216   1.15973   8.50008   0.00028   0.00034 1 1 1 1 
S14-9          13.70 2014.216 -12.12518   7.27852   0.00021   0.00026 1 1 1 1 
S11-25         13.50 2014.216  -8.85210   7.91274   0.00023   0.00032 1 1 1 1 
S8-21          13.60 2014.216  -8.26624   0.67963   0.00027   0.00024 1 1 1 1 
S11-26         13.60 2014.216 -11.71024  -1.14943   0.00020   0.00031 1 1 1 1 
S6-101         13.70 2014.216  -4.53603   4.70897   0.00028   0.00026 1 1 1 1 
S14-11         13.80 2014.216  -7.43209  12.31209   0.00044   0.00050 1 1 1 1 
S13-13         13.60 2014.216 -12.17155  -5.24597   0.00030   0.00044 1 1 1 1 
S8-22          13.70 2014.216  -1.74139  -7.84034   0.00036   0.00046 1 1 1 1 
S5-239         13.80 2014.216   3.15269   4.98308   0.00025   0.00034 1 1 1 1 
S6-102         13.70 2014.216  -0.87224  -6.83001   0.00024   0.00035 1 1 1 1 
S11-27         13.70 2014.216 -10.83334   3.69482   0.00016   0.00030 1 1 1 1 
S10-23         13.60 2014.216  -9.09337  -4.49386   0.00059   0.00023 1 1 1 1 
S12-17         13.70 2014.216  -5.82455  10.62571   0.00030   0.00046 1 1 1 1 
S9-29          13.60 2014.216  -7.44754   6.55262   0.00034   0.00025 1 1 1 1 
S15-10         13.90 2014.216 -14.10016   7.44617   0.00026   0.00032 1 1 1 1 
S10-24         13.90 2014.216  -8.52512   5.57904   0.00023   0.00034 1 1 1 1 
S11-28         13.80 2014.216  -5.07578  10.82108   0.00027   0.00049 1 1 1 1 
S9-30          13.80 2014.216  -6.37627   7.69507   0.00026   0.00041 1 1 1 1 
S13-14         13.90 2014.216  -9.63194   9.39505   0.00026   0.00036 1 1 1 1 
S15-11         13.70 2014.216 -15.06926  -3.47000   0.00022   0.00040 1 1 1 1 
S8-23          13.80 2014.216  -6.27941  -6.38558   0.00034   0.00046 1 1 1 1 
S11-29         13.60 2014.216  -6.93685  -9.09444   0.00040   0.00056 1 1 1 1 
S16-6          13.80 2014.216 -15.23800   5.72046   0.00029   0.00049 1 1 1 1 
S13-15         13.70 2014.216 -12.87762  -3.03052   0.00020   0.00036 1 1 1 1 
S14-12         13.60 2014.216 -14.85335   0.85580   0.00029   0.00033 1 1 1 1 
S9-31          13.80 2014.216  -4.27001   9.01986   0.00024   0.00044 1 1 1 1 
S12-18         13.90 2014.216 -10.48829   6.89100   0.00030   0.00040 1 1 1 1 
S6-104         13.90 2014.216  -6.66675   1.80402   0.00035   0.00039 1 1 1 1 
S14-13         13.60 2014.216 -13.83950  -2.84444   0.00028   0.00041 1 1 1 1 
S7-29          14.00 2014.216   3.65710  -6.38111   0.00033   0.00040 1 1 1 1 
S8-24          14.10 2014.216   3.56757   7.75721   0.00057   0.00070 1 1 1 1 
S12-19         13.70 2014.216 -11.99607  -2.18789   0.00023   0.00028 1 1 1 1 
S6-105         14.20 2014.216   5.69248   3.53365   0.00053   0.00044 1 1 1 1 
S15-12         14.10 2014.216 -12.78741   9.22976   0.00016   0.00038 1 1 1 1 
S8-25          14.10 2014.216   2.69799   7.68259   0.00033   0.00043 1 1 1 1 
S12-20         13.50 2014.216  -5.49267  11.62927   0.00026   0.00052 1 1 1 1 
S8-26          14.10 2014.216   3.73647   7.81086   0.00030   0.00050 1 1 1 1 
S8-27          14.00 2014.216  -7.32130   4.98762   0.00019   0.00025 1 1 1 1 
S8-28          14.10 2014.216   6.38960  -5.21495   0.00051   0.00074 1 1 1 1 
S12-21         13.80 2014.216  -9.01609   8.11187   0.00022   0.00036 1 1 1 1 
S14-14         13.90 2014.216 -13.20285   5.04290   0.00033   0.00065 1 1 1 1 
S13-16         13.60 2014.216 -13.34514  -4.12481   0.00032   0.00044 1 1 1 1 
S10-25         14.00 2014.216  -0.35431  10.11594   0.00029   0.00044 1 1 1 1 
S8-30          13.90 2014.216  -2.96263   8.31488   0.00025   0.00034 1 1 1 1 
S12-22         14.00 2014.216 -12.10048   4.09536   0.00019   0.00024 1 1 1 1 
S6-106         13.90 2014.216  -6.71370   1.39383   0.00037   0.00034 1 1 1 1 
S9-34          13.70 2014.216  -7.38364  -5.16533   0.00034   0.00037 1 1 1 1 
S12-23         13.90 2014.216  -5.91618  11.32494   0.00021   0.00040 1 1 1 1 
S8-31          13.70 2014.216  -3.83629  -7.17040   0.00034   0.00028 1 1 1 1 
S5-241         14.10 2014.216  -5.81481   0.37432   0.00022   0.00023 1 1 1 1 
S9-35          14.00 2014.216  -3.90686   8.07616   0.00031   0.00051 1 1 1 1 
S6-107         14.10 2014.216   4.39364   4.56555   0.00043   0.00046 1 1 1 1 
S14-15         14.20 2014.216 -10.45615   9.38573   0.00019   0.00046 1 1 1 1 
S8-32          14.00 2014.216  -6.88561   5.50248   0.00021   0.00034 1 1 1 1 
S8-33          14.20 2014.216   3.22000  -7.92577   0.00045   0.00039 1 1 1 1 
S7-30          14.00 2014.216  -6.45145  -2.71234   0.00023   0.00029 1 1 1 1 
S7-31          14.00 2014.216  -7.26133  -0.32610   0.00027   0.00024 1 1 1 1 
S13-17         14.00 2014.216  -9.48706   9.28762   0.00039   0.00021 1 1 1 1 
S14-17         14.00 2014.216 -13.32398   6.33725   0.00034   0.00034 1 1 1 1 
S10-26         14.20 2014.216  -3.04771  10.00327   0.00028   0.00046 1 1 1 1 
S11-32         13.90 2014.216 -11.35969   0.60775   0.00020   0.00039 1 1 1 1 
S14-18         14.20 2014.216 -11.35057   8.44168   0.00029   0.00032 1 1 1 1 
S11-33         14.10 2014.216  -6.63250   8.81195   0.00020   0.00030 1 1 1 1 
S7-32          14.10 2014.216  -3.52343   6.56783   0.00025   0.00025 1 1 1 1 
S10-27         14.30 2014.216  -2.15516   9.95554   0.00031   0.00026 1 1 1 1 
S9-36          14.10 2014.216  -7.39543  -6.59471   0.00034   0.00027 1 1 1 1 
S6-108         14.10 2014.216   1.28885   6.16875   0.00031   0.00049 1 1 1 1 
S9-37          14.40 2014.216   0.70734   9.22163   0.00037   0.00032 1 1 1 1 
S6-109         14.30 2014.216  -0.27399  -6.57653   0.00032   0.00047 1 1 1 1 
S8-35          14.10 2014.216  -2.97871  -7.68613   0.00059   0.00026 1 1 1 1 
S9-38          14.20 2014.216  -9.40383   3.18584   0.00036   0.00043 1 1 1 1 
S6-110         14.20 2014.216  -4.97834   4.80266   0.00028   0.00033 1 1 1 1 
S11-34         14.30 2014.216  -7.24832  -9.29012   0.00048   0.00044 1 1 1 1 
S12-24         14.40 2014.216  -3.44434  11.60403   0.00035   0.00043 1 1 1 1 
S13-18         14.10 2014.216 -13.37600  -3.35427   0.00013   0.00042 1 1 1 1 
S15-14         14.60 2014.216 -12.85474   9.13232   0.00028   0.00055 1 1 1 1 
S12-25         14.10 2014.216  -9.18348   8.47663   0.00019   0.00063 1 1 1 1 
S12-26         14.20 2014.216 -11.13381   4.40888   0.00023   0.00053 1 1 1 1 
S12-27         14.00 2014.216  -9.92268  -7.45043   0.00031   0.00051 1 1 1 1 
S13-19         14.40 2014.216 -10.84154   7.65016   0.00025   0.00052 1 1 1 1 
S14-20         14.00 2014.216 -14.29038  -2.05937   0.00026   0.00057 1 1 1 1 
S10-29         14.10 2014.216 -10.94400  -0.02091   0.00024   0.00028 1 1 1 1 
S8-36          14.20 2014.216  -7.97218   0.93515   0.00025   0.00049 1 1 1 1 
S7-34          14.20 2014.216  -7.08857  -3.26528   0.00026   0.00031 1 1 1 1 
S11-36         14.10 2014.216 -10.62748  -4.61955   0.00047   0.00059 1 1 1 1 
S14-23         14.40 2014.216 -14.37876   3.10729   0.00033   0.00034 1 1 1 1 
S11-37         14.10 2014.216 -11.28384   1.10358   0.00025   0.00044 1 1 1 1 
S6-111         14.30 2014.216  -6.27956   0.84138   0.00033   0.00031 1 1 1 1 
S14-24         14.20 2014.216 -13.39788   6.27469   0.00045   0.00044 1 1 1 1 
S13-20         14.20 2014.216 -13.36566   0.49226   0.00034   0.00059 1 1 1 1 
S9-41          14.40 2014.216   2.44569   9.42155   0.00036   0.00046 1 1 1 1 
S8-37          14.20 2014.216  -5.17139   7.06088   0.00022   0.00041 1 1 1 1 
S15-16         14.10 2014.216 -14.55952  -4.37090   0.00028   0.00059 1 1 1 1 
S8-39          14.50 2014.216   5.19471  -6.52395   0.00028   0.00026 1 1 1 1 
S10-31         14.20 2014.216 -10.81103  -0.91159   0.00015   0.00030 1 1 1 1 
S14-25         14.20 2014.216 -14.51938  -2.51762   0.00037   0.00029 1 1 1 1 
S15-17         14.70 2014.216 -12.71359   9.14803   0.00029   0.00037 1 1 1 1 
S8-40          14.50 2014.216  -7.39640   3.79034   0.00022   0.00039 1 1 1 1 
S9-42          14.50 2014.216  -2.15667   8.98015   0.00034   0.00035 1 1 1 1 
S12-29         14.30 2014.216 -12.19815  -1.19384   0.00029   0.00036 1 1 1 1 
S7-35          14.30 2014.216  -7.04819  -0.92294   0.00025   0.00031 1 1 1 1 
S9-43          14.20 2014.216  -7.90917  -5.79923   0.00032   0.00024 1 1 1 1 
S10-32         14.20 2014.216 -10.21494  -1.67996   0.00029   0.00036 1 1 1 1 
S7-36          14.30 2014.216  -6.37765  -4.41430   0.00041   0.00046 1 1 1 1 
S8-41          14.60 2014.216   3.87331   7.52571   0.00039   0.00039 1 1 1 1 
S6-112         14.40 2014.216  -5.99983  -0.62276   0.00025   0.00032 1 1 1 1 
S7-37          14.60 2014.216  -4.77541   5.46378   0.00034   0.00035 1 1 1 1 
S11-40         14.20 2014.216  -9.73937  -6.78635   0.00030   0.00033 1 1 1 1 
S12-30         14.10 2014.216  -9.97816  -7.37575   0.00040   0.00064 1 1 1 1 
S12-31         14.30 2014.216 -12.51268  -3.42038   0.00018   0.00039 1 1 1 1 
S12-32         14.30 2014.216 -11.79062  -2.50029   0.00030   0.00031 1 1 1 1 
S10-33         14.70 2014.216  -3.93958   9.24099   0.00036   0.00067 1 1 1 1 
S7-38          14.70 2014.216   5.11819   4.79630   0.00063   0.00032 1 1 1 1 
S12-33         14.10 2014.216 -10.28180  -7.87280   0.00024   0.00046 1 1 1 1 
S7-39          14.70 2014.216   4.69706   6.02403   0.00047   0.00037 1 1 1 1 
S5-242         14.60 2014.216   1.06561   5.64609   0.00050   0.00060 1 1 1 1 
S6-113         14.60 2014.216  -4.22574   5.51324   0.00026   0.00032 1 1 1 1 
S13-21         14.40 2014.216 -12.19842   5.54772   0.00034   0.00052 1 1 1 1 
S6-114         14.50 2014.216  -3.05460   5.96265   0.00036   0.00035 1 1 1 1 
S9-45          14.30 2014.216  -7.88588  -5.42454   0.00034   0.00044 1 1 1 1 
S7-40          14.40 2014.216  -3.48705   6.72690   0.00026   0.00062 1 1 1 1 
S9-46          14.30 2014.216  -8.07609  -5.38407   0.00056   0.00049 1 1 1 1 
S12-34         14.50 2014.216 -11.09581   4.79773   0.00036   0.00057 1 1 1 1 
S16-8          14.70 2014.216 -13.24266   9.95278   0.00028   0.00051 1 1 1 1 
S8-42          14.70 2014.216  -7.33620   3.40580   0.00022   0.00046 1 1 1 1 
S11-41         14.10 2014.216  -7.29991   8.61119   0.00028   0.00031 1 1 1 1 
S17-7          14.80 2014.216 -12.06454  11.99541   0.00026   0.00049 1 1 1 1 
S9-47          14.40 2014.216  -9.88534  -0.28770   0.00031   0.00047 1 1 1 1 
S8-43          14.30 2014.216  -4.34307  -7.26543   0.00033   0.00068 1 1 1 1 
S10-34         14.30 2014.216  -8.88020  -5.61180   0.00050   0.00040 1 1 1 1 
S9-48          14.60 2014.216  -7.63240   5.01987   0.00020   0.00042 1 1 1 1 
S16-10         14.80 2014.216 -12.00918  11.15619   0.00028   0.00056 1 1 1 1 
S10-37         14.70 2014.216  -2.49097  10.42583   0.00032   0.00057 1 1 1 1 
S8-44          14.60 2014.216  -5.66908   6.29534   0.00055   0.00094 1 1 1 1 
S15-21         14.50 2014.216 -15.28947  -1.28915   0.00050   0.00039 1 1 1 1 
S12-36         14.70 2014.216 -12.10142   3.62623   0.00027   0.00059 1 1 1 1 
S14-27         14.90 2014.216 -11.38868   9.79507   0.00034   0.00040 1 1 1 1 
S14-28         14.70 2014.216 -14.15587   3.32596   0.00021   0.00033 1 1 1 1 
S13-22         14.70 2014.216 -11.55673   6.13842   0.00019   0.00044 1 1 1 1 
S15-22         14.90 2014.216 -10.87751  11.15249   0.00025   0.00061 1 1 1 1 
S13-23         14.90 2014.216 -11.29035   8.01736   0.00021   0.00040 1 1 1 1 
S10-40         14.90 2014.216   3.73435   9.56848   0.00043   0.00064 1 1 1 1 
S7-42          14.80 2014.216  -5.98107   5.07276   0.00032   0.00036 1 1 1 1 
S10-41         14.60 2014.216 -10.07541   0.63398   0.00046   0.00050 1 1 1 1 
S8-47          14.70 2014.216  -8.80149   0.64864   0.00018   0.00046 1 1 1 1 
S6-118         14.90 2014.216   6.02560  -1.07946   0.00068   0.00081 1 1 1 1 
S15-24         15.00 2014.216 -11.50762  10.79040   0.00044   0.00067 1 1 1 1 
S15-25         14.70 2014.216 -15.03495   4.74778   0.00046   0.00033 1 1 1 1 
S13-24         14.60 2014.216 -13.91203  -0.26054   0.00056   0.00050 1 1 1 1 
S8-48          14.80 2014.216   3.31733  -7.80933   0.00025   0.00055 1 1 1 1 
S14-31         14.70 2014.216  -9.08221  11.59949   0.00030   0.00044 1 1 1 1 
S6-119         15.10 2014.216   5.51260   3.48710   0.00060   0.00079 1 1 1 1 
S7-44          14.80 2014.216  -0.41051  -7.18017   0.00032   0.00057 1 1 1 1 
S12-39         14.50 2014.216 -11.89123   2.11890   0.00020   0.00070 1 1 1 1 
S13-25         14.80 2014.216 -12.74948   4.31068   0.00016   0.00054 1 1 1 1 
S13-26         14.50 2014.216 -12.59229  -4.28134   0.00036   0.00037 1 1 1 1 
S5-244         15.00 2014.216   5.92129  -0.05001   0.00052   0.00043 1 1 1 1 
S10-42         14.70 2014.216 -10.21185   3.14149   0.00031   0.00045 1 1 1 1 
S9-50          14.90 2014.216  -4.43807   8.04934   0.00026   0.00041 1 1 1 1 
S11-43         14.90 2014.216 -10.00440   5.76891   0.00022   0.00050 1 1 1 1 
S13-27         14.80 2014.216 -12.19962   6.12036   0.00036   0.00070 1 1 1 1 
S13-28         14.70 2014.216 -11.09759   7.77386   0.00038   0.00044 1 1 1 1 
S6-121         14.80 2014.216  -1.49276   6.01003   0.00036   0.00035 1 1 1 1 
S11-44         14.60 2014.216  -8.96197  -7.90352   0.00067   0.00037 1 1 1 1 
S6-122         14.80 2014.216  -6.68567  -1.73265   0.00025   0.00036 1 1 1 1 
S12-40         14.80 2014.216  -9.09870   8.34394   0.00020   0.00041 1 1 1 1 
S14-32         15.10 2014.216 -11.09784   9.29291   0.00031   0.00036 1 1 1 1 
S6-123         14.90 2014.216   0.10482  -6.44061   0.00045   0.00043 1 1 1 1 
S10-45         14.90 2014.216  -9.88959   4.49987   0.00021   0.00039 1 1 1 1 
S7-45          14.80 2014.216  -1.51568  -7.27469   0.00056   0.00070 1 1 1 1 
S11-45         15.00 2014.216 -10.63603   3.09764   0.00054   0.00043 1 1 1 1 
S10-46         14.40 2014.216  -9.05247  -4.46034   0.00046   0.00079 1 1 1 1 
S8-50          15.00 2014.216  -2.63880   8.53336   0.00029   0.00060 1 1 1 1 
S16-13         15.10 2014.216 -11.25223  12.11124   0.00039   0.00043 1 1 1 1 
S14-34         15.00 2014.216 -11.54498   7.97259   0.00041   0.00023 1 1 1 1 
S8-51          14.90 2014.216  -8.49402   1.81680   0.00026   0.00054 1 1 1 1 
S13-30         14.90 2014.216 -13.44227   3.68130   0.00048   0.00037 1 1 1 1 
S12-41         14.80 2014.216  -8.40854   9.24790   0.00032   0.00035 1 1 1 1 
S13-31         14.70 2014.216 -13.33554   4.22377   0.00053   0.00034 1 1 1 1 
S14-35         14.90 2014.216 -12.01849   8.03478   0.00048   0.00065 1 1 1 1 
S14-36         15.00 2014.216 -11.27077   9.50983   0.00037   0.00064 1 1 1 1 
S8-52          14.90 2014.216  -1.96854   8.07787   0.00038   0.00052 1 1 1 1 
S8-53          14.80 2014.216  -2.75941   8.26945   0.00034   0.00075 1 1 1 1 
S17-9          15.00 2014.216 -13.38423  11.20458   0.00035   0.00058 1 1 1 1 
S15-27         14.80 2014.216 -15.42026   2.00414   0.00024   0.00064 1 1 1 1 
S5-245         15.00 2014.216   5.93102  -0.52469   0.00047   0.00058 1 1 1 1 
S6-125         15.10 2014.216   3.94908   4.71176   0.00041   0.00044 1 1 1 1 
S10-47         14.90 2014.216 -10.41680   2.73031   0.00030   0.00049 1 1 1 1 
S10-48         15.10 2014.216   0.51989  10.73166   0.00047   0.00059 1 1 1 1 
S8-54          15.10 2014.216   1.92071  -8.37462   0.00034   0.00054 1 1 1 1 
S8-56          14.80 2014.216  -8.72087   0.08685   0.00026   0.00021 1 1 1 1 
S7-47          14.80 2014.216  -7.48393  -2.79175   0.00027   0.00038 1 1 1 1 
S8-58          15.00 2014.216  -5.94417   6.13494   0.00039   0.00049 1 1 1 1 
S10-49         15.20 2014.216  -0.35686  10.51730   0.00058   0.00058 1 1 1 1 
S8-59          15.10 2014.216   1.59468   8.46356   0.00057   0.00064 1 1 1 1 
S10-50         14.80 2014.216  -9.58134  -3.19156   0.00061   0.00039 1 1 1 1 
S6-127         15.30 2014.216   5.89928  -2.40633   0.00056   0.00084 1 1 1 1 
S7-48          15.10 2014.216   2.16328   7.59404   0.00046   0.00055 1 1 1 1 
S10-51         14.80 2014.216  -7.78056   6.43903   0.00038   0.00042 1 1 1 1 
S6-128         14.90 2014.216  -5.69221  -2.52132   0.00033   0.00032 1 1 1 1 
S6-129         15.00 2014.216  -6.11208  -0.31600   0.00041   0.00031 1 1 1 1 
S11-51         15.10 2014.216  -0.28800  11.08280   0.00030   0.00037 1 1 1 1 
S13-36         14.90 2014.216 -12.99609  -3.33724   0.00021   0.00062 1 1 1 1 
S8-61          15.00 2014.216  -2.35053   8.64202   0.00027   0.00070 1 1 1 1 
S10-56         15.00 2014.216  -9.66614   4.65097   0.00025   0.00068 1 1 1 1 
S11-52         14.90 2014.216 -11.60597  -1.21434   0.00022   0.00076 1 1 1 1 
S12-44         15.00 2014.216 -11.97771   4.67569   0.00051   0.00050 1 1 1 1 
S6-131         14.90 2014.216  -6.17435   0.39773   0.00087   0.00043 1 1 1 1 
S5-246         15.20 2014.216   2.47585   5.04559   0.00024   0.00079 1 1 1 1 
S13-39         15.00 2014.216 -13.32748   4.06667   0.00019   0.00051 1 1 1 1 
S12-46         15.00 2014.216 -12.30890   3.54314   0.00071   0.00062 1 1 1 1 
S8-62          15.20 2014.216   0.56690   8.71714   0.00041   0.00037 1 1 1 1 
S6-132         15.10 2014.216  -6.48155  -0.08451   0.00021   0.00060 1 1 1 1 
S8-63          15.00 2014.216  -7.59080  -3.36263   0.00072   0.00046 1 1 1 1 
S10-64         15.10 2014.216  -0.33162  10.95123   0.00034   0.00067 1 1 1 1 
S9-56          15.10 2014.216  -1.93909   9.23508   0.00055   0.00051 1 1 1 1 
S9-57          14.90 2014.216  -9.58436  -0.50227   0.00056   0.00031 1 1 1 1 
S4-368         15.20 2014.216  -1.71564   4.41519   0.00085   0.00055 1 1 1 1 
S12-48         14.90 2014.216 -12.38023  -1.64882   0.00042   0.00064 1 1 1 1 
S9-58          15.20 2014.216  -3.10998   8.91152   0.00029   0.00077 1 1 1 1 
S10-65         15.00 2014.216  -9.33534  -5.23347   0.00032   0.00078 1 1 1 1 
S6-134         15.20 2014.216   0.01732   6.79851   0.00060   0.00061 1 1 1 1 
S13-42         14.70 2014.216  -5.74084  12.09055   0.00020   0.00048 1 1 1 1 
S11-54         15.20 2014.216 -10.58609   5.48897   0.00041   0.00049 1 1 1 1 
S10-66         15.10 2014.216  -8.45349   5.36187   0.00034   0.00055 1 1 1 1 
S11-55         15.30 2014.216  -2.09390  11.15818   0.00034   0.00062 1 1 1 1 
S11-58         15.30 2014.216  -1.80037  11.88043   0.00073   0.00050 1 1 1 1 
S6-135         15.10 2014.216  -5.46841   2.53291   0.00041   0.00070 1 1 1 1 
S7-52          15.30 2014.216  -2.57283  -7.34607   0.00066   0.00045 1 1 1 1 
S10-68         14.90 2014.216  -9.58906  -3.05237   0.00041   0.00054 1 1 1 1 
S9-60          15.20 2014.216  -9.47206   0.88769   0.00051   0.00056 1 1 1 1 
S7-53          15.00 2014.216  -6.89259  -2.44206   0.00041   0.00039 1 1 1 1 
S9-61          15.10 2014.216  -1.69414   9.29948   0.00033   0.00060 1 1 1 1 
S8-65          15.10 2014.216  -8.90683   0.71769   0.00055   0.00044 1 1 1 1 
S13-44         15.20 2014.216 -12.70534   3.45110   0.00056   0.00054 1 1 1 1 
S11-62         15.00 2014.216 -11.63993   1.68006   0.00043   0.00055 1 1 1 1 
S7-55          14.80 2014.216  -2.17891   6.95380   0.00036   0.00065 1 1 1 1 
S10-75         15.10 2014.216  -8.75580   5.50337   0.00068   0.00064 1 1 1 1 
S9-64          15.20 2014.216  -9.23406   2.89470   0.00037   0.00069 1 1 1 1 
S10-76         15.30 2014.216  -2.78132  10.15093   0.00062   0.00082 1 1 1 1 
S10-78         15.30 2014.216  -5.67697   8.71141   0.00055   0.00053 1 1 1 1 
S9-65          15.30 2014.216  -8.69818   2.62404   0.00022   0.00039 1 1 1 1 
S7-58          15.30 2014.216  -7.14764  -1.36305   0.00027   0.00033 1 1 1 1 
S8-66          15.20 2014.216  -8.52458  -0.83458   0.00031   0.00044 1 1 1 1 
S14-49         15.20 2014.216 -14.18863  -2.18142   0.00059   0.00047 1 1 1 1 
S8-67          15.30 2014.216  -5.64612   6.07804   0.00034   0.00034 1 1 1 1 
S6-137         15.20 2014.216  -6.01990   0.45486   0.00053   0.00032 1 1 1 1 
S7-61          15.30 2014.216  -7.85592  -0.08621   0.00060   0.00044 1 1 1 1 
S9-67          15.30 2014.216  -7.34861   6.00298   0.00042   0.00071 1 1 1 1 
S9-68          15.10 2014.216  -1.96586   9.74581   0.00029   0.00051 1 1 1 1 
S9-69          15.20 2014.216  -5.81499   8.03779   0.00038   0.00046 1 1 1 1 
S9-70          15.50 2014.216  -0.79279   9.05904   0.00033   0.00076 1 1 1 1 
S8-71          15.30 2014.216  -2.45566   8.35519   0.00040   0.00075 1 1 1 1 
S9-73          15.00 2014.216  -9.55510  -2.52679   0.00044   0.00035 1 1 1 1 
S7-65          15.10 2014.216  -7.15888   1.29004   0.00032   0.00076 1 1 1 1 
S9-77          15.30 2014.216  -8.26747   4.51509   0.00072   0.00071 1 1 1 1 
S8-72          15.00 2014.216  -8.23195   1.21198   0.00034   0.00049 1 1 1 1 
S7-67          15.50 2014.216   4.22672   6.25553   0.00058   0.00062 1 1 1 1 
S8-73          15.30 2014.216  -8.60864   2.21609   0.00034   0.00053 1 1 1 1 
S6-140         15.50 2014.216  -5.73757   3.23333   0.00030   0.00045 1 1 1 1 
S7-69          15.30 2014.216  -5.99148   4.60967   0.00042   0.00046 1 1 1 1 
S7-70          15.30 2014.216  -7.74673  -1.14877   0.00021   0.00026 1 1 1 1 
S6-141         15.50 2014.216  -6.07936   2.84204   0.00021   0.00046 1 1 1 1 
S9-79          15.30 2014.216  -7.70775   6.13873   0.00026   0.00020 1 1 1 1 
S7-73          15.30 2014.216  -6.10227   4.52855   0.00032   0.00033 1 1 1 1 
S9-81          15.20 2014.216  -9.16807  -2.62346   0.00049   0.00045 1 1 1 1 
S10-84         15.40 2014.216  -8.76049   4.87180   0.00054   0.00050 1 1 1 1 
S6-144         15.50 2014.216  -2.74617   5.49759   0.00049   0.00039 1 1 1 1 
S10-86         15.30 2014.216  -9.29044   5.11629   0.00031   0.00025 1 1 1 1 
S6-146         15.40 2014.216  -5.94119   2.29856   0.00031   0.00074 1 1 1 1 
S9-84          15.50 2014.216  -1.52136   9.54920   0.00036   0.00055 1 1 1 1 
S7-77          15.30 2014.216  -7.20976   0.28450   0.00044   0.00062 1 1 1 1 
S9-89          15.40 2014.216  -9.43921   2.00808   0.00021   0.00041 1 1 1 1 
S5-248         15.60 2014.216  -2.31160   5.32965   0.00043   0.00070 1 1 1 1 
S7-78          15.50 2014.216  -6.15577   4.91409   0.00053   0.00030 1 1 1 1 
S9-90          15.40 2014.216  -7.57321   6.22001   0.00042   0.00040 1 1 1 1 
S8-83          15.40 2014.216  -8.70151   1.44145   0.00055   0.00069 1 1 1 1 
S7-79          15.40 2014.216  -6.34879   4.80685   0.00037   0.00040 1 1 1 1 
S9-91          15.30 2014.216  -8.32267  -4.83817   0.00057   0.00092 1 1 1 1 
S9-94          15.60 2014.216  -2.01029   9.41677   0.00061   0.00073 1 1 1 1 
S10-89         15.40 2014.216  -8.30384   5.78038   0.00037   0.00039 1 1 1 1 
S8-86          15.30 2014.216  -7.49802  -3.44959   0.00030   0.00088 1 1 1 1 
S7-83          15.40 2014.216  -7.19852  -2.78952   0.00032   0.00069 1 1 1 1 
S10-91         15.50 2014.216  -1.48890   9.99560   0.00035   0.00057 1 1 1 1 
S9-100         13.30 2014.216  -4.74466  -8.10056   0.00051   0.00037 1 1 1 1 
S17-11         15.00 2014.216 -13.22599  11.52935   0.00043   0.00037 1 1 1 1 
S8-102         15.20 2014.216   2.62335  -8.34262   0.00040   0.00081 1 1 1 1 
S8-103         15.20 2014.216   5.51403  -6.16644   0.00039   0.00048 1 1 1 1 
S8-104         15.20 2014.216  -8.24265   0.97955   0.00034   0.00070 1 1 1 1 
S5-256         15.20 2014.216  -5.63512   0.82309   0.00037   0.00040 1 1 1 1 
S11-75         15.10 2014.216 -10.25743   5.11429   0.00010   0.00024 1 1 1 1 
S13-58         15.20 2014.216 -13.48850   1.74219   0.00038   0.00062 1 1 1 1 
S7-96          15.40 2014.216  -6.81823   2.37775   0.00063   0.00081 1 1 1 1 
S11-80         15.10 2014.216 -10.12857   4.27037   0.00028   0.00058 1 1 1 1 
S6-168         15.50 2014.216  -5.23574   4.53216   0.00044   0.00042 1 1 1 1 
S16-18         15.40 2014.216 -12.76194  11.02361   0.00029   0.00058 1 1 1 1 
S7-98          15.60 2014.216  -5.08869   5.63484   0.00042   0.00049 1 1 1 1 
S6-169         15.50 2014.216  -4.71164   4.84702   0.00027   0.00066 1 1 1 1 
S11-84         15.40 2014.216  -9.76784   5.91215   0.00020   0.00061 1 1 1 1 
S4-371         15.50 2014.216  -1.72310   4.62049   0.00036   0.00051 1 1 1 1 
S8-111         15.50 2014.216  -2.66787   7.80804   0.00043   0.00052 1 1 1 1 
S12-71         14.90 2014.216 -11.38149  -6.15893   0.00053   0.00061 1 1 1 1 
S11-92         15.10 2014.216 -11.52503   2.92520   0.00039   0.00050 1 1 1 1 
S10-105        14.80 2014.216  -6.14990   8.17289   0.00057   0.00081 1 1 1 1 
S15-39         14.50 2014.216 -12.97815  -8.00048   0.00031   0.00042 1 1 1 1 
S10-107        15.10 2014.216  -7.88513  -6.71920   0.00047   0.00066 1 1 1 1 
S8-125         15.50 2014.216   1.27165   8.74913   0.00051   0.00058 1 1 1 1 
S9-119         11.10 2014.216   1.91843  -9.22456   0.00062   0.00056 1 1 1 1 
S9-120         11.90 2014.216   3.60872  -8.58292   0.00040   0.00047 1 1 1 1 
S8-126         12.80 2014.216   2.25524  -8.55639   0.00058   0.00035 1 1 1 1 
S9-121         12.90 2014.216   6.29150  -7.44753   0.00061   0.00079 1 1 1 1 
S8-253         13.90 2014.216   2.79763   7.66795   0.00031   0.00038 1 1 1 1 
